<?xml version="1.0" encoding="UTF-8"?>
<!-- Generated by org.testng.reporters.JUnitXMLReporter -->
<testsuite hostname="SHIVAM-PC" name="Command line test" tests="130" failures="0" timestamp="1 Sep 2014 16:49:26 GMT" time="21.052" errors="0">
  <testcase name="testAsymmetricAlgorithm" time="0.021" classname="org.security.crypt.asymmetric.AsymmetricAlgorithmTest"/>
  <testcase name="testAsymmetricAlgorithm" time="0.022" classname="org.security.crypt.asymmetric.AsymmetricAlgorithmTest"/>
  <testcase name="testClone" time="0.025" classname="org.security.crypt.asymmetric.AsymmetricAlgorithmTest"/>
  <testcase name="testAsymmetricCli" time="0.266" classname="org.security.crypt.asymmetric.AsymmetricCliTest"/>
  <testcase name="testAsymmetricCli" time="0.988" classname="org.security.crypt.asymmetric.AsymmetricCliTest"/>
  <testcase name="testAsymmetricCli" time="2.525" classname="org.security.crypt.asymmetric.AsymmetricCliTest"/>
  <testcase name="testToString" time="0.0" classname="org.security.crypt.x509.types.AttributeTypeAndValueTest"/>
  <testcase name="testToString" time="0.001" classname="org.security.crypt.x509.types.AttributeTypeAndValueTest"/>
  <testcase name="testToString" time="0.0" classname="org.security.crypt.x509.types.AttributeTypeAndValueTest"/>
  <testcase name="testDecodeBase64" time="0.138" classname="org.security.crypt.io.Base64FilterInputStreamTest"/>
  <testcase name="testDecodeBase64" time="0.061" classname="org.security.crypt.io.Base64FilterInputStreamTest"/>
  <testcase name="testDecodeBase64" time="0.037" classname="org.security.crypt.io.Base64FilterInputStreamTest"/>
  <testcase name="testEncodeBase64" time="0.07" classname="org.security.crypt.io.Base64FilterOutputStreamTest"/>
  <testcase name="testEncodeBase64" time="0.094" classname="org.security.crypt.io.Base64FilterOutputStreamTest"/>
  <testcase name="testEncodeBase64" time="0.03" classname="org.security.crypt.io.Base64FilterOutputStreamTest"/>
  <testcase name="testConvert" time="0.001" classname="org.security.crypt.util.ConverterTest"/>
  <testcase name="testConvert" time="0.0" classname="org.security.crypt.util.ConverterTest"/>
  <testcase name="testConvert" time="0.002" classname="org.security.crypt.util.ConverterTest"/>
  <testcase name="testGetAttributeValue" time="0.026" classname="org.security.crypt.x509.DNUtilsTest"/>
  <testcase name="testGetAttributeValue" time="0.01" classname="org.security.crypt.x509.DNUtilsTest"/>
  <testcase name="testGetAttributeValue" time="0.002" classname="org.security.crypt.x509.DNUtilsTest"/>
  <testcase name="testGetAttributeValues" time="0.003" classname="org.security.crypt.x509.DNUtilsTest"/>
  <testcase name="testGetAttributeValues" time="0.003" classname="org.security.crypt.x509.DNUtilsTest"/>
  <testcase name="testGetAttributeValues" time="0.003" classname="org.security.crypt.x509.DNUtilsTest"/>
  <testcase name="testClone" time="0.003" classname="org.security.crypt.digest.DigestAlgorithmTest">
    <skipped/>
  </testcase> <!-- testClone -->
  <testcase name="testDigest" time="0.0" classname="org.security.crypt.digest.DigestAlgorithmTest"/>
  <testcase name="testDigest" time="0.002" classname="org.security.crypt.digest.DigestAlgorithmTest"/>
  <testcase name="testDigest" time="0.0" classname="org.security.crypt.digest.DigestAlgorithmTest"/>
  <testcase name="testDigest" time="0.001" classname="org.security.crypt.digest.DigestAlgorithmTest"/>
  <testcase name="testDigest" time="0.0" classname="org.security.crypt.digest.DigestAlgorithmTest"/>
  <testcase name="testDigest" time="0.001" classname="org.security.crypt.digest.DigestAlgorithmTest"/>
  <testcase name="testDigest" time="0.0" classname="org.security.crypt.digest.DigestAlgorithmTest"/>
  <testcase name="testDigest" time="0.001" classname="org.security.crypt.digest.DigestAlgorithmTest"/>
  <testcase name="testDigest" time="0.001" classname="org.security.crypt.digest.DigestAlgorithmTest"/>
  <testcase name="testDigest" time="0.001" classname="org.security.crypt.digest.DigestAlgorithmTest"/>
  <testcase name="testDigest" time="0.0" classname="org.security.crypt.digest.DigestAlgorithmTest"/>
  <testcase name="testDigest" time="0.001" classname="org.security.crypt.digest.DigestAlgorithmTest"/>
  <testcase name="testDigest" time="0.0" classname="org.security.crypt.digest.DigestAlgorithmTest"/>
  <testcase name="testDigest" time="0.001" classname="org.security.crypt.digest.DigestAlgorithmTest"/>
  <testcase name="testDigest" time="0.001" classname="org.security.crypt.digest.DigestAlgorithmTest"/>
  <testcase name="testDigest" time="0.002" classname="org.security.crypt.digest.DigestAlgorithmTest"/>
  <testcase name="testDigest" time="0.001" classname="org.security.crypt.digest.DigestAlgorithmTest"/>
  <testcase name="testDigest" time="0.001" classname="org.security.crypt.digest.DigestAlgorithmTest"/>
  <testcase name="testDigest" time="0.001" classname="org.security.crypt.digest.DigestAlgorithmTest"/>
  <testcase name="testDigest" time="0.001" classname="org.security.crypt.digest.DigestAlgorithmTest"/>
  <testcase name="testDigest" time="0.0" classname="org.security.crypt.digest.DigestAlgorithmTest"/>
  <testcase name="testDigest" time="0.001" classname="org.security.crypt.digest.DigestAlgorithmTest"/>
  <testcase name="testDigest" time="0.001" classname="org.security.crypt.digest.DigestAlgorithmTest"/>
  <testcase name="testDigest" time="0.001" classname="org.security.crypt.digest.DigestAlgorithmTest"/>
  <testcase name="testDigest" time="0.002" classname="org.security.crypt.digest.DigestAlgorithmTest"/>
  <testcase name="testDigest" time="0.003" classname="org.security.crypt.digest.DigestAlgorithmTest"/>
  <testcase name="testDigestConvert" time="0.001" classname="org.security.crypt.digest.DigestAlgorithmTest"/>
  <testcase name="testDigestConvert" time="0.001" classname="org.security.crypt.digest.DigestAlgorithmTest"/>
  <testcase name="testDigestConvert" time="0.001" classname="org.security.crypt.digest.DigestAlgorithmTest"/>
  <testcase name="testDigestConvert" time="0.0" classname="org.security.crypt.digest.DigestAlgorithmTest"/>
  <testcase name="testDigestStream" time="0.016" classname="org.security.crypt.digest.DigestAlgorithmTest"/>
  <testcase name="testDigestStream" time="0.017" classname="org.security.crypt.digest.DigestAlgorithmTest"/>
  <testcase name="testDigestStream" time="0.073" classname="org.security.crypt.digest.DigestAlgorithmTest"/>
  <testcase name="testDigestStream" time="0.062" classname="org.security.crypt.digest.DigestAlgorithmTest"/>
  <testcase name="testHashCalculationAgainstReference" time="0.001" classname="org.security.crypt.digest.DigestAlgorithmTest"/>
  <testcase name="testHashCalculationAgainstReference" time="0.001" classname="org.security.crypt.digest.DigestAlgorithmTest"/>
  <testcase name="testDigestCli" time="0.002" classname="org.security.crypt.digest.DigestCliTest"/>
  <testcase name="testDigestCli" time="0.001" classname="org.security.crypt.digest.DigestCliTest"/>
  <testcase name="testDigestCli" time="0.003" classname="org.security.crypt.digest.DigestCliTest"/>
  <testcase name="testDigestCli" time="0.001" classname="org.security.crypt.digest.DigestCliTest"/>
  <testcase name="testDigestCli" time="0.001" classname="org.security.crypt.digest.DigestCliTest"/>
  <testcase name="testDigestCli" time="0.001" classname="org.security.crypt.digest.DigestCliTest"/>
  <testcase name="testDigestCli" time="0.0" classname="org.security.crypt.digest.DigestCliTest"/>
  <testcase name="testDigestCli" time="0.001" classname="org.security.crypt.digest.DigestCliTest"/>
  <testcase name="testDigestCli" time="0.001" classname="org.security.crypt.digest.DigestCliTest"/>
  <testcase name="testDigestCli" time="0.001" classname="org.security.crypt.digest.DigestCliTest"/>
  <testcase name="testDigestCli" time="0.001" classname="org.security.crypt.digest.DigestCliTest"/>
  <testcase name="testDigestCli" time="0.001" classname="org.security.crypt.digest.DigestCliTest"/>
  <testcase name="testDigestCli" time="0.0" classname="org.security.crypt.digest.DigestCliTest"/>
  <testcase name="testDigestCli" time="0.0" classname="org.security.crypt.digest.DigestCliTest"/>
  <testcase name="testDigestCli" time="0.001" classname="org.security.crypt.digest.DigestCliTest"/>
  <testcase name="testDigestCli" time="0.001" classname="org.security.crypt.digest.DigestCliTest"/>
  <testcase name="testDigestCli" time="0.001" classname="org.security.crypt.digest.DigestCliTest"/>
  <testcase name="testReadAll" time="0.012" classname="org.security.crypt.x509.ExtensionReaderTest"/>
  <testcase name="testReadAll" time="0.001" classname="org.security.crypt.x509.ExtensionReaderTest"/>
  <testcase name="testReadAll" time="0.013" classname="org.security.crypt.x509.ExtensionReaderTest"/>
  <testcase name="testDecodeHex" time="0.089" classname="org.security.crypt.io.HexFilterInputStreamTest"/>
  <testcase name="testEncodeHex" time="0.07" classname="org.security.crypt.io.HexFilterOutputStreamTest"/>
  <testcase name="testFormat" time="0.003" classname="org.security.crypt.x509.LDAPv3DNFormatterTest"/>
  <testcase name="testFormat" time="0.006" classname="org.security.crypt.x509.LDAPv3DNFormatterTest"/>
  <testcase name="testIsKeyPair" time="0.005" classname="org.security.crypt.asymmetric.PublicKeyUtilsTest"/>
  <testcase name="testIsKeyPair" time="0.036" classname="org.security.crypt.asymmetric.PublicKeyUtilsTest"/>
  <testcase name="testIsKeyPair" time="0.009" classname="org.security.crypt.asymmetric.PublicKeyUtilsTest"/>
  <testcase name="testIsKeyPair" time="0.0" classname="org.security.crypt.asymmetric.PublicKeyUtilsTest"/>
  <testcase name="testLength" time="0.001" classname="org.security.crypt.asymmetric.PublicKeyUtilsTest"/>
  <testcase name="testLength" time="0.0" classname="org.security.crypt.asymmetric.PublicKeyUtilsTest"/>
  <testcase name="testLength" time="0.0" classname="org.security.crypt.asymmetric.PublicKeyUtilsTest"/>
  <testcase name="testIterator" time="0.002" classname="org.security.crypt.x509.RDNSequenceIteratorTest"/>
  <testcase name="testToString" time="0.001" classname="org.security.crypt.x509.types.RelativeDistinguishedNameTest"/>
  <testcase name="testToString" time="0.0" classname="org.security.crypt.x509.types.RelativeDistinguishedNameTest"/>
  <testcase name="testClone" time="0.085" classname="org.security.crypt.signature.SignatureAlgorithmTest">
    <skipped/>
  </testcase> <!-- testClone -->
  <testcase name="testRandomizedSignVerify" time="0.002" classname="org.security.crypt.signature.SignatureAlgorithmTest"/>
  <testcase name="testRandomizedSignVerify" time="0.001" classname="org.security.crypt.signature.SignatureAlgorithmTest"/>
  <testcase name="testRandomizedSignVerify" time="0.002" classname="org.security.crypt.signature.SignatureAlgorithmTest"/>
  <testcase name="testRandomizedSignVerify" time="0.003" classname="org.security.crypt.signature.SignatureAlgorithmTest"/>
  <testcase name="testRandomizedSignVerify" time="0.005" classname="org.security.crypt.signature.SignatureAlgorithmTest"/>
  <testcase name="testRandomizedSignVerify" time="0.001" classname="org.security.crypt.signature.SignatureAlgorithmTest"/>
  <testcase name="testRandomizedSignVerify" time="0.005" classname="org.security.crypt.signature.SignatureAlgorithmTest"/>
  <testcase name="testRandomizedSignVerify" time="0.005" classname="org.security.crypt.signature.SignatureAlgorithmTest"/>
  <testcase name="testRandomizedSignVerify" time="0.023" classname="org.security.crypt.signature.SignatureAlgorithmTest"/>
  <testcase name="testRandomizedSignVerify" time="0.06" classname="org.security.crypt.signature.SignatureAlgorithmTest"/>
  <testcase name="testSignVerify" time="0.003" classname="org.security.crypt.signature.SignatureAlgorithmTest"/>
  <testcase name="testSignVerify" time="0.001" classname="org.security.crypt.signature.SignatureAlgorithmTest"/>
  <testcase name="testSignVerify" time="0.003" classname="org.security.crypt.signature.SignatureAlgorithmTest"/>
  <testcase name="testSignVerify" time="0.003" classname="org.security.crypt.signature.SignatureAlgorithmTest"/>
  <testcase name="testSignVerify" time="0.005" classname="org.security.crypt.signature.SignatureAlgorithmTest"/>
  <testcase name="testSignVerify" time="0.001" classname="org.security.crypt.signature.SignatureAlgorithmTest"/>
  <testcase name="testSignVerify" time="0.005" classname="org.security.crypt.signature.SignatureAlgorithmTest"/>
  <testcase name="testSignVerify" time="0.006" classname="org.security.crypt.signature.SignatureAlgorithmTest"/>
  <testcase name="testSignVerify" time="0.026" classname="org.security.crypt.signature.SignatureAlgorithmTest"/>
  <testcase name="testSignVerify" time="0.061" classname="org.security.crypt.signature.SignatureAlgorithmTest"/>
  <testcase name="testSignVerifyOnStream" time="0.021" classname="org.security.crypt.signature.SignatureAlgorithmTest"/>
  <testcase name="testSignVerifyOnStream" time="0.02" classname="org.security.crypt.signature.SignatureAlgorithmTest"/>
  <testcase name="testSignVerifyOnStream" time="0.095" classname="org.security.crypt.signature.SignatureAlgorithmTest"/>
  <testcase name="testSignVerifyOnStream" time="0.045" classname="org.security.crypt.signature.SignatureAlgorithmTest"/>
  <testcase name="testSignVerifyOnStream" time="0.039" classname="org.security.crypt.signature.SignatureAlgorithmTest"/>
  <testcase name="testSignVerifyOnStream" time="0.025" classname="org.security.crypt.signature.SignatureAlgorithmTest"/>
  <testcase name="testSignVerifyOnStream" time="0.027" classname="org.security.crypt.signature.SignatureAlgorithmTest"/>
  <testcase name="testSignVerifyOnStream" time="0.286" classname="org.security.crypt.signature.SignatureAlgorithmTest"/>
  <testcase name="testSignVerifyOnStream" time="0.04" classname="org.security.crypt.signature.SignatureAlgorithmTest"/>
  <testcase name="testSignVerifyOnStream" time="0.121" classname="org.security.crypt.signature.SignatureAlgorithmTest"/>
  <testcase name="testFindEntityCertificate" time="0.071" classname="org.security.crypt.x509.X509UtilsTest"/>
  <testcase name="testFindEntityCertificate" time="0.066" classname="org.security.crypt.x509.X509UtilsTest"/>
  <testcase name="testGetSubjectNames" time="0.002" classname="org.security.crypt.x509.X509UtilsTest"/>
  <testcase name="testGetSubjectNames" time="0.001" classname="org.security.crypt.x509.X509UtilsTest"/>
</testsuite> <!-- Command line test -->
