<?xml version="1.0" encoding="UTF-8" ?>
<testsuite tests="131" failures="0" name="TestSuite" time="6.284" errors="0" skipped="2">
  <properties>
[...]
</properties>
  <testcase classname="org.security.crypt.asymmetric.AsymmetricAlgorithmTest" name="testAsymmetricAlgorithm" time="0.022"/>
  <testcase classname="org.security.crypt.asymmetric.AsymmetricAlgorithmTest" name="testAsymmetricAlgorithm" time="0.02"/>
  <testcase classname="org.security.crypt.asymmetric.AsymmetricAlgorithmTest" name="testClone" time="0.025"/>
  <testcase classname="org.security.crypt.asymmetric.AsymmetricCliTest" name="testAsymmetricCli" time="0.265"/>
  <testcase classname="org.security.crypt.asymmetric.AsymmetricCliTest" name="testAsymmetricCli" time="0.989"/>
  <testcase classname="org.security.crypt.asymmetric.AsymmetricCliTest" name="testAsymmetricCli" time="2.524"/>
  <testcase classname="org.security.crypt.x509.types.AttributeTypeAndValueTest" name="testToString" time="0.001"/>
  <testcase classname="org.security.crypt.x509.types.AttributeTypeAndValueTest" name="testToString" time="0"/>
  <testcase classname="org.security.crypt.x509.types.AttributeTypeAndValueTest" name="testToString" time="0"/>
  <testcase classname="org.security.crypt.io.Base64FilterInputStreamTest" name="testDecodeBase64" time="0.138"/>
  <testcase classname="org.security.crypt.io.Base64FilterInputStreamTest" name="testDecodeBase64" time="0.062"/>
  <testcase classname="org.security.crypt.io.Base64FilterInputStreamTest" name="testDecodeBase64" time="0.037"/>
  <testcase classname="org.security.crypt.io.Base64FilterOutputStreamTest" name="testEncodeBase64" time="0.07"/>
  <testcase classname="org.security.crypt.io.Base64FilterOutputStreamTest" name="testEncodeBase64" time="0.093"/>
  <testcase classname="org.security.crypt.io.Base64FilterOutputStreamTest" name="testEncodeBase64" time="0.03"/>
  <testcase classname="org.security.crypt.util.ConverterTest" name="testConvert" time="0.001"/>
  <testcase classname="org.security.crypt.util.ConverterTest" name="testConvert" time="0.003"/>
  <testcase classname="org.security.crypt.util.ConverterTest" name="testConvert" time="0"/>
  <testcase classname="org.security.crypt.x509.DNUtilsTest" name="testGetAttributeValue" time="0.026"/>
  <testcase classname="org.security.crypt.x509.DNUtilsTest" name="testGetAttributeValue" time="0.009"/>
  <testcase classname="org.security.crypt.x509.DNUtilsTest" name="testGetAttributeValue" time="0.003"/>
  <testcase classname="org.security.crypt.x509.DNUtilsTest" name="testGetAttributeValues" time="0.002"/>
  <testcase classname="org.security.crypt.x509.DNUtilsTest" name="testGetAttributeValues" time="0.003"/>
  <testcase classname="org.security.crypt.x509.DNUtilsTest" name="testGetAttributeValues" time="0.003"/>
  <testcase classname="org.security.crypt.digest.DigestAlgorithmTest" name="testClone" time="0.006">
    <skipped/>
  </testcase>
  <testcase classname="org.security.crypt.digest.DigestAlgorithmTest" name="testDigest" time="0.001"/>
  <testcase classname="org.security.crypt.digest.DigestAlgorithmTest" name="testDigest" time="0.003"/>
  <testcase classname="org.security.crypt.digest.DigestAlgorithmTest" name="testDigest" time="0"/>
  <testcase classname="org.security.crypt.digest.DigestAlgorithmTest" name="testDigest" time="0.002"/>
  <testcase classname="org.security.crypt.digest.DigestAlgorithmTest" name="testDigest" time="0"/>
  <testcase classname="org.security.crypt.digest.DigestAlgorithmTest" name="testDigest" time="0"/>
  <testcase classname="org.security.crypt.digest.DigestAlgorithmTest" name="testDigest" time="0"/>
  <testcase classname="org.security.crypt.digest.DigestAlgorithmTest" name="testDigest" time="0.001"/>
  <testcase classname="org.security.crypt.digest.DigestAlgorithmTest" name="testDigest" time="0.001"/>
  <testcase classname="org.security.crypt.digest.DigestAlgorithmTest" name="testDigest" time="0.001"/>
  <testcase classname="org.security.crypt.digest.DigestAlgorithmTest" name="testDigest" time="0.001"/>
  <testcase classname="org.security.crypt.digest.DigestAlgorithmTest" name="testDigest" time="0.001"/>
  <testcase classname="org.security.crypt.digest.DigestAlgorithmTest" name="testDigest" time="0.001"/>
  <testcase classname="org.security.crypt.digest.DigestAlgorithmTest" name="testDigest" time="0.001"/>
  <testcase classname="org.security.crypt.digest.DigestAlgorithmTest" name="testDigest" time="0"/>
  <testcase classname="org.security.crypt.digest.DigestAlgorithmTest" name="testDigest" time="0.002"/>
  <testcase classname="org.security.crypt.digest.DigestAlgorithmTest" name="testDigest" time="0.001"/>
  <testcase classname="org.security.crypt.digest.DigestAlgorithmTest" name="testDigest" time="0.002"/>
  <testcase classname="org.security.crypt.digest.DigestAlgorithmTest" name="testDigest" time="0.001"/>
  <testcase classname="org.security.crypt.digest.DigestAlgorithmTest" name="testDigest" time="0.001"/>
  <testcase classname="org.security.crypt.digest.DigestAlgorithmTest" name="testDigest" time="0.001"/>
  <testcase classname="org.security.crypt.digest.DigestAlgorithmTest" name="testDigest" time="0.001"/>
  <testcase classname="org.security.crypt.digest.DigestAlgorithmTest" name="testDigest" time="0"/>
  <testcase classname="org.security.crypt.digest.DigestAlgorithmTest" name="testDigest" time="0.001"/>
  <testcase classname="org.security.crypt.digest.DigestAlgorithmTest" name="testDigest" time="0.003"/>
  <testcase classname="org.security.crypt.digest.DigestAlgorithmTest" name="testDigest" time="0.004"/>
  <testcase classname="org.security.crypt.digest.DigestAlgorithmTest" name="testDigestConvert" time="0.001"/>
  <testcase classname="org.security.crypt.digest.DigestAlgorithmTest" name="testDigestConvert" time="0.001"/>
  <testcase classname="org.security.crypt.digest.DigestAlgorithmTest" name="testDigestConvert" time="0.001"/>
  <testcase classname="org.security.crypt.digest.DigestAlgorithmTest" name="testDigestConvert" time="0.001"/>
  <testcase classname="org.security.crypt.digest.DigestAlgorithmTest" name="testDigestStream" time="0.017"/>
  <testcase classname="org.security.crypt.digest.DigestAlgorithmTest" name="testDigestStream" time="0.017"/>
  <testcase classname="org.security.crypt.digest.DigestAlgorithmTest" name="testDigestStream" time="0.073"/>
  <testcase classname="org.security.crypt.digest.DigestAlgorithmTest" name="testDigestStream" time="0.061"/>
  <testcase classname="org.security.crypt.digest.DigestAlgorithmTest" name="testHashCalculationAgainstReference" time="0.001"/>
  <testcase classname="org.security.crypt.digest.DigestAlgorithmTest" name="testHashCalculationAgainstReference" time="0.001"/>
  <testcase classname="org.security.crypt.digest.DigestCliTest" name="testDigestCli" time="0.002"/>
  <testcase classname="org.security.crypt.digest.DigestCliTest" name="testDigestCli" time="0.001"/>
  <testcase classname="org.security.crypt.digest.DigestCliTest" name="testDigestCli" time="0.003"/>
  <testcase classname="org.security.crypt.digest.DigestCliTest" name="testDigestCli" time="0.001"/>
  <testcase classname="org.security.crypt.digest.DigestCliTest" name="testDigestCli" time="0.001"/>
  <testcase classname="org.security.crypt.digest.DigestCliTest" name="testDigestCli" time="0.001"/>
  <testcase classname="org.security.crypt.digest.DigestCliTest" name="testDigestCli" time="0"/>
  <testcase classname="org.security.crypt.digest.DigestCliTest" name="testDigestCli" time="0.001"/>
  <testcase classname="org.security.crypt.digest.DigestCliTest" name="testDigestCli" time="0"/>
  <testcase classname="org.security.crypt.digest.DigestCliTest" name="testDigestCli" time="0.001"/>
  <testcase classname="org.security.crypt.digest.DigestCliTest" name="testDigestCli" time="0.001"/>
  <testcase classname="org.security.crypt.digest.DigestCliTest" name="testDigestCli" time="0.001"/>
  <testcase classname="org.security.crypt.digest.DigestCliTest" name="testDigestCli" time="0.001"/>
  <testcase classname="org.security.crypt.digest.DigestCliTest" name="testDigestCli" time="0"/>
  <testcase classname="org.security.crypt.digest.DigestCliTest" name="testDigestCli" time="0.001"/>
  <testcase classname="org.security.crypt.digest.DigestCliTest" name="testDigestCli" time="0.001"/>
  <testcase classname="org.security.crypt.digest.DigestCliTest" name="testDigestCli" time="0.001"/>
  <testcase classname="org.security.crypt.x509.ExtensionReaderTest" name="testReadAll" time="0.011"/>
  <testcase classname="org.security.crypt.x509.ExtensionReaderTest" name="testReadAll" time="0.001"/>
  <testcase classname="org.security.crypt.x509.ExtensionReaderTest" name="testReadAll" time="0.013"/>
  <testcase classname="org.security.crypt.io.HexFilterInputStreamTest" name="testDecodeHex" time="0.089"/>
  <testcase classname="org.security.crypt.io.HexFilterOutputStreamTest" name="testEncodeHex" time="0.071"/>
  <testcase classname="org.security.crypt.x509.LDAPv3DNFormatterTest" name="testFormat" time="0.003"/>
  <testcase classname="org.security.crypt.x509.LDAPv3DNFormatterTest" name="testFormat" time="0.007"/>
  <testcase classname="org.security.crypt.asymmetric.PublicKeyUtilsTest" name="testIsKeyPair" time="0.005"/>
  <testcase classname="org.security.crypt.asymmetric.PublicKeyUtilsTest" name="testIsKeyPair" time="0.036"/>
  <testcase classname="org.security.crypt.asymmetric.PublicKeyUtilsTest" name="testIsKeyPair" time="0.008"/>
  <testcase classname="org.security.crypt.asymmetric.PublicKeyUtilsTest" name="testIsKeyPair" time="0"/>
  <testcase classname="org.security.crypt.asymmetric.PublicKeyUtilsTest" name="testLength" time="0.001"/>
  <testcase classname="org.security.crypt.asymmetric.PublicKeyUtilsTest" name="testLength" time="0"/>
  <testcase classname="org.security.crypt.asymmetric.PublicKeyUtilsTest" name="testLength" time="0"/>
  <testcase classname="org.security.crypt.x509.RDNSequenceIteratorTest" name="testIterator" time="0.002"/>
  <testcase classname="org.security.crypt.x509.types.RelativeDistinguishedNameTest" name="testToString" time="0"/>
  <testcase classname="org.security.crypt.x509.types.RelativeDistinguishedNameTest" name="testToString" time="0"/>
  <testcase classname="org.security.crypt.signature.SignatureAlgorithmTest" name="testClone" time="0.085">
    <skipped/>
  </testcase>
  <testcase classname="org.security.crypt.signature.SignatureAlgorithmTest" name="testRandomizedSignVerify" time="0.002"/>
  <testcase classname="org.security.crypt.signature.SignatureAlgorithmTest" name="testRandomizedSignVerify" time="0.001"/>
  <testcase classname="org.security.crypt.signature.SignatureAlgorithmTest" name="testRandomizedSignVerify" time="0.002"/>
  <testcase classname="org.security.crypt.signature.SignatureAlgorithmTest" name="testRandomizedSignVerify" time="0.002"/>
  <testcase classname="org.security.crypt.signature.SignatureAlgorithmTest" name="testRandomizedSignVerify" time="0.005"/>
  <testcase classname="org.security.crypt.signature.SignatureAlgorithmTest" name="testRandomizedSignVerify" time="0.001"/>
  <testcase classname="org.security.crypt.signature.SignatureAlgorithmTest" name="testRandomizedSignVerify" time="0.005"/>
  <testcase classname="org.security.crypt.signature.SignatureAlgorithmTest" name="testRandomizedSignVerify" time="0.005"/>
  <testcase classname="org.security.crypt.signature.SignatureAlgorithmTest" name="testRandomizedSignVerify" time="0.023"/>
  <testcase classname="org.security.crypt.signature.SignatureAlgorithmTest" name="testRandomizedSignVerify" time="0.06"/>
  <testcase classname="org.security.crypt.signature.SignatureAlgorithmTest" name="testSignVerify" time="0.003"/>
  <testcase classname="org.security.crypt.signature.SignatureAlgorithmTest" name="testSignVerify" time="0.001"/>
  <testcase classname="org.security.crypt.signature.SignatureAlgorithmTest" name="testSignVerify" time="0.003"/>
  <testcase classname="org.security.crypt.signature.SignatureAlgorithmTest" name="testSignVerify" time="0.003"/>
  <testcase classname="org.security.crypt.signature.SignatureAlgorithmTest" name="testSignVerify" time="0.005"/>
  <testcase classname="org.security.crypt.signature.SignatureAlgorithmTest" name="testSignVerify" time="0.001"/>
  <testcase classname="org.security.crypt.signature.SignatureAlgorithmTest" name="testSignVerify" time="0.004"/>
  <testcase classname="org.security.crypt.signature.SignatureAlgorithmTest" name="testSignVerify" time="0.005"/>
  <testcase classname="org.security.crypt.signature.SignatureAlgorithmTest" name="testSignVerify" time="0.026"/>
  <testcase classname="org.security.crypt.signature.SignatureAlgorithmTest" name="testSignVerify" time="0.061"/>
  <testcase classname="org.security.crypt.signature.SignatureAlgorithmTest" name="testSignVerifyOnStream" time="0.021"/>
  <testcase classname="org.security.crypt.signature.SignatureAlgorithmTest" name="testSignVerifyOnStream" time="0.02"/>
  <testcase classname="org.security.crypt.signature.SignatureAlgorithmTest" name="testSignVerifyOnStream" time="0.096"/>
  <testcase classname="org.security.crypt.signature.SignatureAlgorithmTest" name="testSignVerifyOnStream" time="0.045"/>
  <testcase classname="org.security.crypt.signature.SignatureAlgorithmTest" name="testSignVerifyOnStream" time="0.039"/>
  <testcase classname="org.security.crypt.signature.SignatureAlgorithmTest" name="testSignVerifyOnStream" time="0.026"/>
  <testcase classname="org.security.crypt.signature.SignatureAlgorithmTest" name="testSignVerifyOnStream" time="0.027"/>
  <testcase classname="org.security.crypt.signature.SignatureAlgorithmTest" name="testSignVerifyOnStream" time="0.287"/>
  <testcase classname="org.security.crypt.signature.SignatureAlgorithmTest" name="testSignVerifyOnStream" time="0.041"/>
  <testcase classname="org.security.crypt.signature.SignatureAlgorithmTest" name="testSignVerifyOnStream" time="0.122"/>
  <testcase classname="org.security.crypt.x509.X509UtilsTest" name="testFindEntityCertificate" time="0.071"/>
  <testcase classname="org.security.crypt.x509.X509UtilsTest" name="testFindEntityCertificate" time="0.066"/>
  <testcase classname="org.security.crypt.x509.X509UtilsTest" name="testGetSubjectNames" time="0.002"/>
  <testcase classname="org.security.crypt.x509.X509UtilsTest" name="testGetSubjectNames" time="0.002"/>
  <testcase classname="org.security.crypt.AppTest" name="testApp on testApp(org.security.crypt.AppTest)" time="0.316"/>
</testsuite>