<?xml version="1.0" encoding="UTF-8"?>
<testng-results skipped="0" failed="0" total="0" passed="0">
  <reporter-output>
  </reporter-output>
  <suite name="org.security.crypt.AppTest" duration-ms="5" started-at="2014-08-28T17:07:58Z" finished-at="2014-08-28T17:07:58Z">
    <groups>
    </groups>
    <test name="Command line test" duration-ms="5" started-at="2014-08-28T17:07:58Z" finished-at="2014-08-28T17:07:58Z">
    </test> <!-- Command line test -->
  </suite> <!-- org.security.crypt.AppTest -->
</testng-results>
