<?xml version="1.0" encoding="UTF-8"?>
<testng-results skipped="0" failed="0" total="1" passed="1">
  <reporter-output>
  </reporter-output>
  <suite name="Command line suite" duration-ms="15" started-at="2014-09-01T16:49:27Z" finished-at="2014-09-01T16:49:27Z">
    <groups>
    </groups>
    <test name="Command line test" duration-ms="15" started-at="2014-09-01T16:49:27Z" finished-at="2014-09-01T16:49:27Z">
      <class name="org.security.crypt.AppTest">
        <test-method status="PASS" signature="testApp()[pri:0, instance:testApp(org.security.crypt.AppTest)]" name="testApp" duration-ms="3" started-at="2014-09-01T22:19:27Z" finished-at="2014-09-01T22:19:27Z">
          <reporter-output>
          </reporter-output>
        </test-method> <!-- testApp -->
      </class> <!-- org.security.crypt.AppTest -->
    </test> <!-- Command line test -->
  </suite> <!-- Command line suite -->
</testng-results>
